<?xml version="1.0" encoding="UTF-8"?>
<testsuite xmlns:xsi="http://www.w3.org/2001/XMLSchema-instance" xsi:noNamespaceSchemaLocation="https://maven.apache.org/surefire/maven-surefire-plugin/xsd/surefire-test-report-3.0.xsd" version="3.0" name="com.syos.application.commands.user.LogoutCommandTest" time="0.01" tests="3" errors="1" skipped="0" failures="1">
  <properties>
    <property name="java.specification.version" value="23"/>
    <property name="sun.jnu.encoding" value="UTF-8"/>
    <property name="java.class.path" value="/Users/chizzydizzy/Documents/Clean Coding - 1 Assignment/syos-pos-system/target/test-classes:/Users/chizzydizzy/Documents/Clean Coding - 1 Assignment/syos-pos-system/target/classes:/Users/chizzydizzy/.m2/repository/com/mysql/mysql-connector-j/8.0.33/mysql-connector-j-8.0.33.jar:/Users/chizzydizzy/.m2/repository/com/google/protobuf/protobuf-java/3.21.9/protobuf-java-3.21.9.jar:/Users/chizzydizzy/.m2/repository/org/slf4j/slf4j-api/2.0.7/slf4j-api-2.0.7.jar:/Users/chizzydizzy/.m2/repository/org/slf4j/slf4j-simple/2.0.7/slf4j-simple-2.0.7.jar:/Users/chizzydizzy/.m2/repository/org/junit/jupiter/junit-jupiter-engine/5.10.0/junit-jupiter-engine-5.10.0.jar:/Users/chizzydizzy/.m2/repository/org/junit/platform/junit-platform-engine/1.10.0/junit-platform-engine-1.10.0.jar:/Users/chizzydizzy/.m2/repository/org/apiguardian/apiguardian-api/1.1.2/apiguardian-api-1.1.2.jar:/Users/chizzydizzy/.m2/repository/org/junit/jupiter/junit-jupiter-api/5.10.0/junit-jupiter-api-5.10.0.jar:/Users/chizzydizzy/.m2/repository/org/opentest4j/opentest4j/1.3.0/opentest4j-1.3.0.jar:/Users/chizzydizzy/.m2/repository/org/junit/platform/junit-platform-commons/1.10.0/junit-platform-commons-1.10.0.jar:/Users/chizzydizzy/.m2/repository/org/junit/jupiter/junit-jupiter-params/5.10.0/junit-jupiter-params-5.10.0.jar:/Users/chizzydizzy/.m2/repository/org/mockito/mockito-core/5.7.0/mockito-core-5.7.0.jar:/Users/chizzydizzy/.m2/repository/org/objenesis/objenesis/3.3/objenesis-3.3.jar:/Users/chizzydizzy/.m2/repository/org/mockito/mockito-junit-jupiter/5.7.0/mockito-junit-jupiter-5.7.0.jar:/Users/chizzydizzy/.m2/repository/net/bytebuddy/byte-buddy/1.14.10/byte-buddy-1.14.10.jar:/Users/chizzydizzy/.m2/repository/net/bytebuddy/byte-buddy-agent/1.14.10/byte-buddy-agent-1.14.10.jar:"/>
    <property name="java.vm.vendor" value="Homebrew"/>
    <property name="sun.arch.data.model" value="64"/>
    <property name="net.bytebuddy.experimental" value="true"/>
    <property name="java.vendor.url" value="https://github.com/Homebrew/homebrew-core/issues"/>
    <property name="user.timezone" value="Asia/Colombo"/>
    <property name="os.name" value="Mac OS X"/>
    <property name="java.vm.specification.version" value="23"/>
    <property name="sun.java.launcher" value="SUN_STANDARD"/>
    <property name="user.country" value="LK"/>
    <property name="sun.boot.library.path" value="/opt/homebrew/Cellar/openjdk/23.0.2/libexec/openjdk.jdk/Contents/Home/lib"/>
    <property name="sun.java.command" value="/Users/chizzydizzy/Documents/Clean Coding - 1 Assignment/syos-pos-system/target/surefire/surefirebooter-20250605154140129_3.jar /Users/chizzydizzy/Documents/Clean Coding - 1 Assignment/syos-pos-system/target/surefire 2025-06-05T15-41-40_078-jvmRun1 surefire-20250605154140129_1tmp surefire_0-20250605154140129_2tmp"/>
    <property name="jdk.debug" value="release"/>
    <property name="surefire.test.class.path" value="/Users/chizzydizzy/Documents/Clean Coding - 1 Assignment/syos-pos-system/target/test-classes:/Users/chizzydizzy/Documents/Clean Coding - 1 Assignment/syos-pos-system/target/classes:/Users/chizzydizzy/.m2/repository/com/mysql/mysql-connector-j/8.0.33/mysql-connector-j-8.0.33.jar:/Users/chizzydizzy/.m2/repository/com/google/protobuf/protobuf-java/3.21.9/protobuf-java-3.21.9.jar:/Users/chizzydizzy/.m2/repository/org/slf4j/slf4j-api/2.0.7/slf4j-api-2.0.7.jar:/Users/chizzydizzy/.m2/repository/org/slf4j/slf4j-simple/2.0.7/slf4j-simple-2.0.7.jar:/Users/chizzydizzy/.m2/repository/org/junit/jupiter/junit-jupiter-engine/5.10.0/junit-jupiter-engine-5.10.0.jar:/Users/chizzydizzy/.m2/repository/org/junit/platform/junit-platform-engine/1.10.0/junit-platform-engine-1.10.0.jar:/Users/chizzydizzy/.m2/repository/org/apiguardian/apiguardian-api/1.1.2/apiguardian-api-1.1.2.jar:/Users/chizzydizzy/.m2/repository/org/junit/jupiter/junit-jupiter-api/5.10.0/junit-jupiter-api-5.10.0.jar:/Users/chizzydizzy/.m2/repository/org/opentest4j/opentest4j/1.3.0/opentest4j-1.3.0.jar:/Users/chizzydizzy/.m2/repository/org/junit/platform/junit-platform-commons/1.10.0/junit-platform-commons-1.10.0.jar:/Users/chizzydizzy/.m2/repository/org/junit/jupiter/junit-jupiter-params/5.10.0/junit-jupiter-params-5.10.0.jar:/Users/chizzydizzy/.m2/repository/org/mockito/mockito-core/5.7.0/mockito-core-5.7.0.jar:/Users/chizzydizzy/.m2/repository/org/objenesis/objenesis/3.3/objenesis-3.3.jar:/Users/chizzydizzy/.m2/repository/org/mockito/mockito-junit-jupiter/5.7.0/mockito-junit-jupiter-5.7.0.jar:/Users/chizzydizzy/.m2/repository/net/bytebuddy/byte-buddy/1.14.10/byte-buddy-1.14.10.jar:/Users/chizzydizzy/.m2/repository/net/bytebuddy/byte-buddy-agent/1.14.10/byte-buddy-agent-1.14.10.jar:"/>
    <property name="sun.cpu.endian" value="little"/>
    <property name="user.home" value="/Users/chizzydizzy"/>
    <property name="user.language" value="en"/>
    <property name="java.specification.vendor" value="Oracle Corporation"/>
    <property name="java.version.date" value="2025-01-21"/>
    <property name="java.home" value="/opt/homebrew/Cellar/openjdk/23.0.2/libexec/openjdk.jdk/Contents/Home"/>
    <property name="file.separator" value="/"/>
    <property name="basedir" value="/Users/chizzydizzy/Documents/Clean Coding - 1 Assignment/syos-pos-system"/>
    <property name="java.vm.compressedOopsMode" value="Zero based"/>
    <property name="line.separator" value="&#10;"/>
    <property name="java.vm.specification.vendor" value="Oracle Corporation"/>
    <property name="java.specification.name" value="Java Platform API Specification"/>
    <property name="apple.awt.application.name" value="ForkedBooter"/>
    <property name="surefire.real.class.path" value="/Users/chizzydizzy/Documents/Clean Coding - 1 Assignment/syos-pos-system/target/surefire/surefirebooter-20250605154140129_3.jar"/>
    <property name="sun.management.compiler" value="HotSpot 64-Bit Tiered Compilers"/>
    <property name="java.runtime.version" value="23.0.2"/>
    <property name="user.name" value="chizzydizzy"/>
    <property name="stdout.encoding" value="UTF-8"/>
    <property name="path.separator" value=":"/>
    <property name="os.version" value="15.2"/>
    <property name="java.runtime.name" value="OpenJDK Runtime Environment"/>
    <property name="file.encoding" value="UTF-8"/>
    <property name="java.vm.name" value="OpenJDK 64-Bit Server VM"/>
    <property name="java.vendor.version" value="Homebrew"/>
    <property name="localRepository" value="/Users/chizzydizzy/.m2/repository"/>
    <property name="java.vendor.url.bug" value="https://github.com/Homebrew/homebrew-core/issues"/>
    <property name="java.io.tmpdir" value="/var/folders/y3/ctgvhwmj4bbcj77g20dtmz_m0000gn/T/"/>
    <property name="java.version" value="23.0.2"/>
    <property name="user.dir" value="/Users/chizzydizzy/Documents/Clean Coding - 1 Assignment/syos-pos-system"/>
    <property name="os.arch" value="aarch64"/>
    <property name="java.vm.specification.name" value="Java Virtual Machine Specification"/>
    <property name="native.encoding" value="UTF-8"/>
    <property name="java.library.path" value="/Users/chizzydizzy/Library/Java/Extensions:/Library/Java/Extensions:/Network/Library/Java/Extensions:/System/Library/Java/Extensions:/usr/lib/java:."/>
    <property name="java.vm.info" value="mixed mode, sharing"/>
    <property name="stderr.encoding" value="UTF-8"/>
    <property name="java.vendor" value="Homebrew"/>
    <property name="java.vm.version" value="23.0.2"/>
    <property name="sun.io.unicode.encoding" value="UnicodeBig"/>
    <property name="java.class.version" value="67.0"/>
  </properties>
  <testcase name="should_handle_missing_login_time_with_fallback_and_complete_logout_process" classname="com.syos.application.commands.user.LogoutCommandTest" time="0.007">
    <failure message="&#10;mockUser.getUsername();&#10;Wanted 1 time:&#10;-&gt; at com.syos.domain.entities.User.getUsername(User.java:108)&#10;But was 2 times:&#10;-&gt; at com.syos.application.commands.user.LogoutCommand.displaySessionSummary(LogoutCommand.java:65)&#10;-&gt; at com.syos.application.commands.user.LogoutCommand.logLogoutActivity(LogoutCommand.java:92)&#10;&#10;" type="org.mockito.exceptions.verification.TooManyActualInvocations"><![CDATA[org.mockito.exceptions.verification.TooManyActualInvocations: 

mockUser.getUsername();
Wanted 1 time:
-> at com.syos.domain.entities.User.getUsername(User.java:108)
But was 2 times:
-> at com.syos.application.commands.user.LogoutCommand.displaySessionSummary(LogoutCommand.java:65)
-> at com.syos.application.commands.user.LogoutCommand.logLogoutActivity(LogoutCommand.java:92)


	at com.syos.domain.entities.User.getUsername(User.java:108)
	at com.syos.application.commands.user.LogoutCommandTest.should_handle_missing_login_time_with_fallback_and_complete_logout_process(LogoutCommandTest.java:122)
	at java.base/java.lang.reflect.Method.invoke(Method.java:580)
	at java.base/java.util.ArrayList.forEach(ArrayList.java:1597)
	at java.base/java.util.ArrayList.forEach(ArrayList.java:1597)
]]></failure>
    <system-out><![CDATA[
==================================================
Session Summary
==================================================
User: testuser
Role: MANAGER
Login Time: 2025-06-05 15:41:41
Logout Time: 2025-06-05 15:41:41
Session Duration: 0 seconds
==================================================
Logout recorded: testuser at 2025-06-05T15:41:41.270792
]]></system-out>
  </testcase>
  <testcase name="should_show_error_message_when_no_user_is_logged_in" classname="com.syos.application.commands.user.LogoutCommandTest" time="0.001"/>
  <testcase name="should_logout_successfully_and_display_session_summary_when_user_is_logged_in" classname="com.syos.application.commands.user.LogoutCommandTest" time="0.002">
    <error message="No enum constant com.syos.domain.valueobjects.UserRole.EMPLOYEE" type="java.lang.IllegalArgumentException"><![CDATA[java.lang.IllegalArgumentException: No enum constant com.syos.domain.valueobjects.UserRole.EMPLOYEE
	at java.base/java.lang.Enum.valueOf(Enum.java:293)
	at com.syos.domain.valueobjects.UserRole.valueOf(UserRole.java:3)
	at com.syos.application.commands.user.LogoutCommandTest.should_logout_successfully_and_display_session_summary_when_user_is_logged_in(LogoutCommandTest.java:48)
	at java.base/java.lang.reflect.Method.invoke(Method.java:580)
	at java.base/java.util.ArrayList.forEach(ArrayList.java:1597)
	at java.base/java.util.ArrayList.forEach(ArrayList.java:1597)
]]></error>
  </testcase>
</testsuite>