<?xml version="1.0" encoding="UTF-8"?>
<testsuite xmlns:xsi="http://www.w3.org/2001/XMLSchema-instance" xsi:noNamespaceSchemaLocation="https://maven.apache.org/surefire/maven-surefire-plugin/xsd/surefire-test-report-3.0.xsd" version="3.0" name="com.syos.application.commands.sales.CreateSaleCommandTest" time="0.708" tests="13" errors="0" skipped="0" failures="0">
  <properties>
    <property name="java.specification.version" value="23"/>
    <property name="sun.jnu.encoding" value="UTF-8"/>
    <property name="java.class.path" value="/Users/chizzydizzy/Documents/Clean Coding - 1 Assignment/syos-pos-system/target/test-classes:/Users/chizzydizzy/Documents/Clean Coding - 1 Assignment/syos-pos-system/target/classes:/Users/chizzydizzy/.m2/repository/com/mysql/mysql-connector-j/8.0.33/mysql-connector-j-8.0.33.jar:/Users/chizzydizzy/.m2/repository/com/google/protobuf/protobuf-java/3.21.9/protobuf-java-3.21.9.jar:/Users/chizzydizzy/.m2/repository/org/slf4j/slf4j-api/2.0.7/slf4j-api-2.0.7.jar:/Users/chizzydizzy/.m2/repository/org/slf4j/slf4j-simple/2.0.7/slf4j-simple-2.0.7.jar:/Users/chizzydizzy/.m2/repository/org/junit/jupiter/junit-jupiter-engine/5.10.0/junit-jupiter-engine-5.10.0.jar:/Users/chizzydizzy/.m2/repository/org/junit/platform/junit-platform-engine/1.10.0/junit-platform-engine-1.10.0.jar:/Users/chizzydizzy/.m2/repository/org/apiguardian/apiguardian-api/1.1.2/apiguardian-api-1.1.2.jar:/Users/chizzydizzy/.m2/repository/org/junit/jupiter/junit-jupiter-api/5.10.0/junit-jupiter-api-5.10.0.jar:/Users/chizzydizzy/.m2/repository/org/opentest4j/opentest4j/1.3.0/opentest4j-1.3.0.jar:/Users/chizzydizzy/.m2/repository/org/junit/platform/junit-platform-commons/1.10.0/junit-platform-commons-1.10.0.jar:/Users/chizzydizzy/.m2/repository/org/junit/jupiter/junit-jupiter-params/5.10.0/junit-jupiter-params-5.10.0.jar:/Users/chizzydizzy/.m2/repository/org/mockito/mockito-core/5.7.0/mockito-core-5.7.0.jar:/Users/chizzydizzy/.m2/repository/org/objenesis/objenesis/3.3/objenesis-3.3.jar:/Users/chizzydizzy/.m2/repository/org/mockito/mockito-junit-jupiter/5.7.0/mockito-junit-jupiter-5.7.0.jar:/Users/chizzydizzy/.m2/repository/net/bytebuddy/byte-buddy/1.14.10/byte-buddy-1.14.10.jar:/Users/chizzydizzy/.m2/repository/net/bytebuddy/byte-buddy-agent/1.14.10/byte-buddy-agent-1.14.10.jar:"/>
    <property name="java.vm.vendor" value="Homebrew"/>
    <property name="sun.arch.data.model" value="64"/>
    <property name="net.bytebuddy.experimental" value="true"/>
    <property name="java.vendor.url" value="https://github.com/Homebrew/homebrew-core/issues"/>
    <property name="user.timezone" value="Asia/Colombo"/>
    <property name="os.name" value="Mac OS X"/>
    <property name="java.vm.specification.version" value="23"/>
    <property name="sun.java.launcher" value="SUN_STANDARD"/>
    <property name="user.country" value="LK"/>
    <property name="sun.boot.library.path" value="/opt/homebrew/Cellar/openjdk/23.0.2/libexec/openjdk.jdk/Contents/Home/lib"/>
    <property name="sun.java.command" value="/Users/chizzydizzy/Documents/Clean Coding - 1 Assignment/syos-pos-system/target/surefire/surefirebooter-20250605154140129_3.jar /Users/chizzydizzy/Documents/Clean Coding - 1 Assignment/syos-pos-system/target/surefire 2025-06-05T15-41-40_078-jvmRun1 surefire-20250605154140129_1tmp surefire_0-20250605154140129_2tmp"/>
    <property name="jdk.debug" value="release"/>
    <property name="surefire.test.class.path" value="/Users/chizzydizzy/Documents/Clean Coding - 1 Assignment/syos-pos-system/target/test-classes:/Users/chizzydizzy/Documents/Clean Coding - 1 Assignment/syos-pos-system/target/classes:/Users/chizzydizzy/.m2/repository/com/mysql/mysql-connector-j/8.0.33/mysql-connector-j-8.0.33.jar:/Users/chizzydizzy/.m2/repository/com/google/protobuf/protobuf-java/3.21.9/protobuf-java-3.21.9.jar:/Users/chizzydizzy/.m2/repository/org/slf4j/slf4j-api/2.0.7/slf4j-api-2.0.7.jar:/Users/chizzydizzy/.m2/repository/org/slf4j/slf4j-simple/2.0.7/slf4j-simple-2.0.7.jar:/Users/chizzydizzy/.m2/repository/org/junit/jupiter/junit-jupiter-engine/5.10.0/junit-jupiter-engine-5.10.0.jar:/Users/chizzydizzy/.m2/repository/org/junit/platform/junit-platform-engine/1.10.0/junit-platform-engine-1.10.0.jar:/Users/chizzydizzy/.m2/repository/org/apiguardian/apiguardian-api/1.1.2/apiguardian-api-1.1.2.jar:/Users/chizzydizzy/.m2/repository/org/junit/jupiter/junit-jupiter-api/5.10.0/junit-jupiter-api-5.10.0.jar:/Users/chizzydizzy/.m2/repository/org/opentest4j/opentest4j/1.3.0/opentest4j-1.3.0.jar:/Users/chizzydizzy/.m2/repository/org/junit/platform/junit-platform-commons/1.10.0/junit-platform-commons-1.10.0.jar:/Users/chizzydizzy/.m2/repository/org/junit/jupiter/junit-jupiter-params/5.10.0/junit-jupiter-params-5.10.0.jar:/Users/chizzydizzy/.m2/repository/org/mockito/mockito-core/5.7.0/mockito-core-5.7.0.jar:/Users/chizzydizzy/.m2/repository/org/objenesis/objenesis/3.3/objenesis-3.3.jar:/Users/chizzydizzy/.m2/repository/org/mockito/mockito-junit-jupiter/5.7.0/mockito-junit-jupiter-5.7.0.jar:/Users/chizzydizzy/.m2/repository/net/bytebuddy/byte-buddy/1.14.10/byte-buddy-1.14.10.jar:/Users/chizzydizzy/.m2/repository/net/bytebuddy/byte-buddy-agent/1.14.10/byte-buddy-agent-1.14.10.jar:"/>
    <property name="sun.cpu.endian" value="little"/>
    <property name="user.home" value="/Users/chizzydizzy"/>
    <property name="user.language" value="en"/>
    <property name="java.specification.vendor" value="Oracle Corporation"/>
    <property name="java.version.date" value="2025-01-21"/>
    <property name="java.home" value="/opt/homebrew/Cellar/openjdk/23.0.2/libexec/openjdk.jdk/Contents/Home"/>
    <property name="file.separator" value="/"/>
    <property name="basedir" value="/Users/chizzydizzy/Documents/Clean Coding - 1 Assignment/syos-pos-system"/>
    <property name="java.vm.compressedOopsMode" value="Zero based"/>
    <property name="line.separator" value="&#10;"/>
    <property name="java.vm.specification.vendor" value="Oracle Corporation"/>
    <property name="java.specification.name" value="Java Platform API Specification"/>
    <property name="apple.awt.application.name" value="ForkedBooter"/>
    <property name="surefire.real.class.path" value="/Users/chizzydizzy/Documents/Clean Coding - 1 Assignment/syos-pos-system/target/surefire/surefirebooter-20250605154140129_3.jar"/>
    <property name="sun.management.compiler" value="HotSpot 64-Bit Tiered Compilers"/>
    <property name="java.runtime.version" value="23.0.2"/>
    <property name="user.name" value="chizzydizzy"/>
    <property name="stdout.encoding" value="UTF-8"/>
    <property name="path.separator" value=":"/>
    <property name="os.version" value="15.2"/>
    <property name="java.runtime.name" value="OpenJDK Runtime Environment"/>
    <property name="file.encoding" value="UTF-8"/>
    <property name="java.vm.name" value="OpenJDK 64-Bit Server VM"/>
    <property name="java.vendor.version" value="Homebrew"/>
    <property name="localRepository" value="/Users/chizzydizzy/.m2/repository"/>
    <property name="java.vendor.url.bug" value="https://github.com/Homebrew/homebrew-core/issues"/>
    <property name="java.io.tmpdir" value="/var/folders/y3/ctgvhwmj4bbcj77g20dtmz_m0000gn/T/"/>
    <property name="java.version" value="23.0.2"/>
    <property name="user.dir" value="/Users/chizzydizzy/Documents/Clean Coding - 1 Assignment/syos-pos-system"/>
    <property name="os.arch" value="aarch64"/>
    <property name="java.vm.specification.name" value="Java Virtual Machine Specification"/>
    <property name="native.encoding" value="UTF-8"/>
    <property name="java.library.path" value="/Users/chizzydizzy/Library/Java/Extensions:/Library/Java/Extensions:/Network/Library/Java/Extensions:/System/Library/Java/Extensions:/usr/lib/java:."/>
    <property name="java.vm.info" value="mixed mode, sharing"/>
    <property name="stderr.encoding" value="UTF-8"/>
    <property name="java.vendor" value="Homebrew"/>
    <property name="java.vm.version" value="23.0.2"/>
    <property name="sun.io.unicode.encoding" value="UnicodeBig"/>
    <property name="java.class.version" value="67.0"/>
  </properties>
  <testcase name="should_show_error_when_item_not_available_for_sale" classname="com.syos.application.commands.sales.CreateSaleCommandTest" time="0.625">
    <system-out><![CDATA[
============================================================
AVAILABLE ITEMS
============================================================
Code            Name                                Price      Stock
------------------------------------------------------------
ITEM001         Test Item                      $    10.00         50
------------------------------------------------------------


]]></system-out>
    <system-err><![CDATA[WARNING: A Java agent has been loaded dynamically (/Users/chizzydizzy/.m2/repository/net/bytebuddy/byte-buddy-agent/1.14.10/byte-buddy-agent-1.14.10.jar)
WARNING: If a serviceability tool is in use, please run with -XX:+EnableDynamicAgentLoading to hide this warning
WARNING: If a serviceability tool is not in use, please run with -Djdk.instrument.traceUsage for more information
WARNING: Dynamic loading of agents will be disallowed by default in a future release
]]></system-err>
  </testcase>
  <testcase name="should_convert_item_code_to_uppercase_and_add_item_successfully" classname="com.syos.application.commands.sales.CreateSaleCommandTest" time="0.009">
    <system-out><![CDATA[
============================================================
AVAILABLE ITEMS
============================================================
Code            Name                                Price      Stock
------------------------------------------------------------
ITEM001         Test Item                      $    10.00         50
------------------------------------------------------------



==================================================
PAYMENT
==================================================
]]></system-out>
  </testcase>
  <testcase name="should_handle_item_not_found_exception_when_adding_item" classname="com.syos.application.commands.sales.CreateSaleCommandTest" time="0.006">
    <system-out><![CDATA[
============================================================
AVAILABLE ITEMS
============================================================
Code            Name                                Price      Stock
------------------------------------------------------------
ITEM001         Test Item                      $    10.00         50
------------------------------------------------------------


]]></system-out>
  </testcase>
  <testcase name="should_return_correct_description_for_command" classname="com.syos.application.commands.sales.CreateSaleCommandTest" time="0.004"/>
  <testcase name="should_handle_generic_exception_when_adding_item" classname="com.syos.application.commands.sales.CreateSaleCommandTest" time="0.005">
    <system-out><![CDATA[
============================================================
AVAILABLE ITEMS
============================================================
Code            Name                                Price      Stock
------------------------------------------------------------
ITEM001         Test Item                      $    10.00         50
------------------------------------------------------------


]]></system-out>
  </testcase>
  <testcase name="should_handle_insufficient_stock_exception_when_adding_item" classname="com.syos.application.commands.sales.CreateSaleCommandTest" time="0.005">
    <system-out><![CDATA[
============================================================
AVAILABLE ITEMS
============================================================
Code            Name                                Price      Stock
------------------------------------------------------------
ITEM001         Test Item                      $    10.00         50
------------------------------------------------------------


]]></system-out>
  </testcase>
  <testcase name="should_show_error_and_cancel_sale_when_no_items_added" classname="com.syos.application.commands.sales.CreateSaleCommandTest" time="0.005">
    <system-out><![CDATA[
============================================================
AVAILABLE ITEMS
============================================================
Code            Name                                Price      Stock
------------------------------------------------------------
ITEM001         Test Item                      $    10.00         50
------------------------------------------------------------

]]></system-out>
  </testcase>
  <testcase name="should_show_error_when_cash_amount_is_insufficient" classname="com.syos.application.commands.sales.CreateSaleCommandTest" time="0.005">
    <system-out><![CDATA[
============================================================
AVAILABLE ITEMS
============================================================
Code            Name                                Price      Stock
------------------------------------------------------------
ITEM001         Test Item                      $    10.00         50
------------------------------------------------------------



==================================================
PAYMENT
==================================================
]]></system-out>
  </testcase>
  <testcase name="should_show_error_when_quantity_is_zero_or_negative" classname="com.syos.application.commands.sales.CreateSaleCommandTest" time="0.003">
    <system-out><![CDATA[
============================================================
AVAILABLE ITEMS
============================================================
Code            Name                                Price      Stock
------------------------------------------------------------
ITEM001         Test Item                      $    10.00         50
------------------------------------------------------------



]]></system-out>
  </testcase>
  <testcase name="should_handle_empty_sale_exception_during_payment_processing" classname="com.syos.application.commands.sales.CreateSaleCommandTest" time="0.006">
    <system-out><![CDATA[
============================================================
AVAILABLE ITEMS
============================================================
Code            Name                                Price      Stock
------------------------------------------------------------
ITEM001         Test Item                      $    10.00         50
------------------------------------------------------------



==================================================
PAYMENT
==================================================
]]></system-out>
  </testcase>
  <testcase name="should_show_warning_when_no_items_available_for_sale" classname="com.syos.application.commands.sales.CreateSaleCommandTest" time="0.004">
    <system-out><![CDATA[
============================================================
AVAILABLE ITEMS
============================================================

]]></system-out>
  </testcase>
  <testcase name="should_show_sale_header_and_available_items_when_command_starts" classname="com.syos.application.commands.sales.CreateSaleCommandTest" time="0.004">
    <system-out><![CDATA[
============================================================
AVAILABLE ITEMS
============================================================
Code            Name                                Price      Stock
------------------------------------------------------------
ITEM001         Test Item                      $    10.00         50
------------------------------------------------------------

]]></system-out>
  </testcase>
  <testcase name="should_complete_sale_successfully_with_valid_payment" classname="com.syos.application.commands.sales.CreateSaleCommandTest" time="0.003">
    <system-out><![CDATA[
============================================================
AVAILABLE ITEMS
============================================================
Code            Name                                Price      Stock
------------------------------------------------------------
ITEM001         Test Item                      $    10.00         50
------------------------------------------------------------



==================================================
PAYMENT
==================================================
]]></system-out>
  </testcase>
</testsuite>